<?xml version="1.0" encoding="UTF-8"?>
<testng-results ignored="0" total="1" passed="1" failed="0" skipped="0">
  <reporter-output>
  </reporter-output>
  <suite started-at="2021-05-16T14:05:04 CEST" name="Default suite" finished-at="2021-05-16T14:05:13 CEST" duration-ms="8792">
    <groups>
    </groups>
    <test started-at="2021-05-16T14:05:04 CEST" name="Default test" finished-at="2021-05-16T14:05:13 CEST" duration-ms="8792">
      <class name="com.runner.ApiRunner">
        <test-method signature="executeApiTests()[pri:0, instance:com.runner.ApiRunner@37d4349f]" started-at="2021-05-16T14:05:04 CEST" name="executeApiTests" finished-at="2021-05-16T14:05:13 CEST" duration-ms="8711" status="PASS">
          <reporter-output>
          </reporter-output>
        </test-method> <!-- executeApiTests -->
      </class> <!-- com.runner.ApiRunner -->
    </test> <!-- Default test -->
  </suite> <!-- Default suite -->
</testng-results>
